Build started 2016-04-04 14:50:07.
     1>Project "C:\Users\Win\Documents\Bullet START HERE\Build\src\BulletDynamics\BulletDynamics.vcxproj" on node 4 (Build target(s)).
     1>Lib:
         C:\Program Files (x86)\Microsoft Visual Studio 12.0\VC\bin\Lib.exe /OUT:"..\..\Build\Build\lib\Debug\BulletDynamics_Debug.lib" /NOLOGO  /machine:X86 BulletDynamics.dir\Debug\btKinematicCharacterController.obj
         BulletDynamics.dir\Debug\btConeTwistConstraint.obj
         BulletDynamics.dir\Debug\btContactConstraint.obj
         BulletDynamics.dir\Debug\btFixedConstraint.obj
         BulletDynamics.dir\Debug\btGearConstraint.obj
         BulletDynamics.dir\Debug\btGeneric6DofConstraint.obj
         BulletDynamics.dir\Debug\btGeneric6DofSpringConstraint.obj
         BulletDynamics.dir\Debug\btGeneric6DofSpring2Constraint.obj
         BulletDynamics.dir\Debug\btHinge2Constraint.obj
         BulletDynamics.dir\Debug\btHingeConstraint.obj
         BulletDynamics.dir\Debug\btPoint2PointConstraint.obj
         BulletDynamics.dir\Debug\btSequentialImpulseConstraintSolver.obj
         BulletDynamics.dir\Debug\btNNCGConstraintSolver.obj
         BulletDynamics.dir\Debug\btSliderConstraint.obj
         BulletDynamics.dir\Debug\btSolve2LinearConstraint.obj
         BulletDynamics.dir\Debug\btTypedConstraint.obj
         BulletDynamics.dir\Debug\btUniversalConstraint.obj
         BulletDynamics.dir\Debug\btDiscreteDynamicsWorld.obj
         BulletDynamics.dir\Debug\btRigidBody.obj
         BulletDynamics.dir\Debug\btSimpleDynamicsWorld.obj
         BulletDynamics.dir\Debug\btRaycastVehicle.obj
         BulletDynamics.dir\Debug\btWheelInfo.obj
         BulletDynamics.dir\Debug\btMultiBody.obj
         BulletDynamics.dir\Debug\btMultiBodyConstraintSolver.obj
         BulletDynamics.dir\Debug\btMultiBodyDynamicsWorld.obj
         BulletDynamics.dir\Debug\btMultiBodyJointLimitConstraint.obj
         BulletDynamics.dir\Debug\btMultiBodyConstraint.obj
         BulletDynamics.dir\Debug\btMultiBodyPoint2Point.obj
         BulletDynamics.dir\Debug\btMultiBodyJointMotor.obj
         BulletDynamics.dir\Debug\btDantzigLCP.obj
         BulletDynamics.dir\Debug\btMLCPSolver.obj
         BulletDynamics.dir\Debug\btLemkeAlgorithm.obj
         BulletDynamics.vcxproj -> C:\Users\Win\Documents\Bullet START HERE\Build\src\BulletDynamics\..\..\Build\Build\lib\Debug\BulletDynamics_Debug.lib
     1>Done Building Project "C:\Users\Win\Documents\Bullet START HERE\Build\src\BulletDynamics\BulletDynamics.vcxproj" (Build target(s)).

Build succeeded.

Time Elapsed 00:00:00.28
