Build started 2016-04-04 14:50:07.
     1>Project "C:\Users\Win\Documents\Bullet START HERE\Build\src\BulletCollision\BulletCollision.vcxproj" on node 2 (Build target(s)).
     1>Lib:
         C:\Program Files (x86)\Microsoft Visual Studio 12.0\VC\bin\Lib.exe /OUT:"..\..\Build\Build\lib\Debug\BulletCollision_Debug.lib" /NOLOGO  /machine:X86 BulletCollision.dir\Debug\btAxisSweep3.obj
         BulletCollision.dir\Debug\btBroadphaseProxy.obj
         BulletCollision.dir\Debug\btCollisionAlgorithm.obj
         BulletCollision.dir\Debug\btDbvt.obj
         BulletCollision.dir\Debug\btDbvtBroadphase.obj
         BulletCollision.dir\Debug\btDispatcher.obj
         BulletCollision.dir\Debug\btMultiSapBroadphase.obj
         BulletCollision.dir\Debug\btOverlappingPairCache.obj
         BulletCollision.dir\Debug\btQuantizedBvh.obj
         BulletCollision.dir\Debug\btSimpleBroadphase.obj
         BulletCollision.dir\Debug\btActivatingCollisionAlgorithm.obj
         BulletCollision.dir\Debug\btBoxBoxCollisionAlgorithm.obj
         BulletCollision.dir\Debug\btBox2dBox2dCollisionAlgorithm.obj
         BulletCollision.dir\Debug\btBoxBoxDetector.obj
         BulletCollision.dir\Debug\btCollisionDispatcher.obj
         BulletCollision.dir\Debug\btCollisionObject.obj
         BulletCollision.dir\Debug\btCollisionWorld.obj
         BulletCollision.dir\Debug\btCollisionWorldImporter.obj
         BulletCollision.dir\Debug\btCompoundCollisionAlgorithm.obj
         BulletCollision.dir\Debug\btCompoundCompoundCollisionAlgorithm.obj
         BulletCollision.dir\Debug\btConvexConcaveCollisionAlgorithm.obj
         BulletCollision.dir\Debug\btConvexConvexAlgorithm.obj
         BulletCollision.dir\Debug\btConvexPlaneCollisionAlgorithm.obj
         BulletCollision.dir\Debug\btConvex2dConvex2dAlgorithm.obj
         BulletCollision.dir\Debug\btDefaultCollisionConfiguration.obj
         BulletCollision.dir\Debug\btEmptyCollisionAlgorithm.obj
         BulletCollision.dir\Debug\btGhostObject.obj
         BulletCollision.dir\Debug\btHashedSimplePairCache.obj
         BulletCollision.dir\Debug\btInternalEdgeUtility.obj
         BulletCollision.dir\Debug\btManifoldResult.obj
         BulletCollision.dir\Debug\btSimulationIslandManager.obj
         BulletCollision.dir\Debug\btSphereBoxCollisionAlgorithm.obj
         BulletCollision.dir\Debug\btSphereSphereCollisionAlgorithm.obj
         BulletCollision.dir\Debug\btSphereTriangleCollisionAlgorithm.obj
         BulletCollision.dir\Debug\btUnionFind.obj
         BulletCollision.dir\Debug\SphereTriangleDetector.obj
         BulletCollision.dir\Debug\btBoxShape.obj
         BulletCollision.dir\Debug\btBox2dShape.obj
         BulletCollision.dir\Debug\btBvhTriangleMeshShape.obj
         BulletCollision.dir\Debug\btCapsuleShape.obj
         BulletCollision.dir\Debug\btCollisionShape.obj
         BulletCollision.dir\Debug\btCompoundShape.obj
         BulletCollision.dir\Debug\btConcaveShape.obj
         BulletCollision.dir\Debug\btConeShape.obj
         BulletCollision.dir\Debug\btConvexHullShape.obj
         BulletCollision.dir\Debug\btConvexInternalShape.obj
         BulletCollision.dir\Debug\btConvexPointCloudShape.obj
         BulletCollision.dir\Debug\btConvexPolyhedron.obj
         BulletCollision.dir\Debug\btConvexShape.obj
         BulletCollision.dir\Debug\btConvex2dShape.obj
         BulletCollision.dir\Debug\btConvexTriangleMeshShape.obj
         BulletCollision.dir\Debug\btCylinderShape.obj
         BulletCollision.dir\Debug\btEmptyShape.obj
         BulletCollision.dir\Debug\btHeightfieldTerrainShape.obj
         BulletCollision.dir\Debug\btMinkowskiSumShape.obj
         BulletCollision.dir\Debug\btMultimaterialTriangleMeshShape.obj
         BulletCollision.dir\Debug\btMultiSphereShape.obj
         BulletCollision.dir\Debug\btOptimizedBvh.obj
         BulletCollision.dir\Debug\btPolyhedralConvexShape.obj
         BulletCollision.dir\Debug\btScaledBvhTriangleMeshShape.obj
         BulletCollision.dir\Debug\btShapeHull.obj
         BulletCollision.dir\Debug\btSphereShape.obj
         BulletCollision.dir\Debug\btStaticPlaneShape.obj
         BulletCollision.dir\Debug\btStridingMeshInterface.obj
         BulletCollision.dir\Debug\btTetrahedronShape.obj
         BulletCollision.dir\Debug\btTriangleBuffer.obj
         BulletCollision.dir\Debug\btTriangleCallback.obj
         BulletCollision.dir\Debug\btTriangleIndexVertexArray.obj
         BulletCollision.dir\Debug\btTriangleIndexVertexMaterialArray.obj
         BulletCollision.dir\Debug\btTriangleMesh.obj
         BulletCollision.dir\Debug\btTriangleMeshShape.obj
         BulletCollision.dir\Debug\btUniformScalingShape.obj
         BulletCollision.dir\Debug\btContactProcessing.obj
         BulletCollision.dir\Debug\btGenericPoolAllocator.obj
         BulletCollision.dir\Debug\btGImpactBvh.obj
         BulletCollision.dir\Debug\btGImpactCollisionAlgorithm.obj
         BulletCollision.dir\Debug\btGImpactQuantizedBvh.obj
         BulletCollision.dir\Debug\btGImpactShape.obj
         BulletCollision.dir\Debug\btTriangleShapeEx.obj
         BulletCollision.dir\Debug\gim_box_set.obj
         BulletCollision.dir\Debug\gim_contact.obj
         BulletCollision.dir\Debug\gim_memory.obj
         BulletCollision.dir\Debug\gim_tri_collision.obj
         BulletCollision.dir\Debug\btContinuousConvexCollision.obj
         BulletCollision.dir\Debug\btConvexCast.obj
         BulletCollision.dir\Debug\btGjkConvexCast.obj
         BulletCollision.dir\Debug\btGjkEpa2.obj
         BulletCollision.dir\Debug\btGjkEpaPenetrationDepthSolver.obj
         BulletCollision.dir\Debug\btGjkPairDetector.obj
         BulletCollision.dir\Debug\btMinkowskiPenetrationDepthSolver.obj
         BulletCollision.dir\Debug\btPersistentManifold.obj
         BulletCollision.dir\Debug\btRaycastCallback.obj
         BulletCollision.dir\Debug\btSubSimplexConvexCast.obj
         BulletCollision.dir\Debug\btVoronoiSimplexSolver.obj
         BulletCollision.dir\Debug\btPolyhedralContactClipping.obj
     1>btBroadphaseProxy.obj : warning LNK4221: This object file does not define any previously undefined public symbols, so it will not be used by any link operation that consumes this library
         BulletCollision.vcxproj -> C:\Users\Win\Documents\Bullet START HERE\Build\src\BulletCollision\..\..\Build\Build\lib\Debug\BulletCollision_Debug.lib
     1>Done Building Project "C:\Users\Win\Documents\Bullet START HERE\Build\src\BulletCollision\BulletCollision.vcxproj" (Build target(s)).

Build succeeded.

Time Elapsed 00:00:00.29
