Build started 2016-04-02 01:21:17.
     1>Project "C:\Users\Win\Documents\Bullet START HERE\ConsoleApplication1\ConsoleApplication1\ConsoleApplication1.vcxproj" on node 2 (Build target(s)).
     1>ClCompile:
         C:\Program Files (x86)\Microsoft Visual Studio 12.0\VC\bin\CL.exe /c /I"..\..\Third_Party\Simple OpenGL Image Library" /I..\..\Third_Party\glm /I..\..\Third_Party\glfw /I..\..\Third_Party\glew /I"..\..\Third_Party\assimp-3.2\assimp-3.2\include" /I"..\..\Third_Party\bullet3-2.83.7\src" /ZI /nologo /W3 /WX- /sdl /Od /Oy- /D WIN32 /D _DEBUG /D _CONSOLE /D _LIB /D _UNICODE /D UNICODE /Gm /EHsc /RTC1 /MDd /GS /fp:precise /Zc:wchar_t /Zc:forScope /Yu"stdafx.h" /Fp"Debug\ConsoleApplication1.pch" /Fo"Debug\\" /Fd"Debug\vc120.pdb" /Gd /TP /analyze- /errorReport:prompt Thing.cpp main.cpp
         main.cpp
     1>c:\users\win\documents\bullet start here\consoleapplication1\consoleapplication1\shader.h(62): warning C4101: 'success' : unreferenced local variable
     1>c:\users\win\documents\bullet start here\consoleapplication1\consoleapplication1\shader.h(63): warning C4101: 'infoLog' : unreferenced local variable
     1>c:\users\win\documents\bullet start here\consoleapplication1\consoleapplication1\main.cpp(124): warning C4244: 'initializing' : conversion from 'double' to 'GLfloat', possible loss of data
     1>c:\users\win\documents\bullet start here\consoleapplication1\consoleapplication1\main.cpp(186): warning C4305: 'argument' : truncation from 'double' to 'GLfloat'
     1>c:\users\win\documents\bullet start here\consoleapplication1\consoleapplication1\main.cpp(186): warning C4316: 'Thing' : object allocated on the heap may not be aligned 16
     1>c:\users\win\documents\bullet start here\consoleapplication1\consoleapplication1\main.cpp(192): warning C4018: '<' : signed/unsigned mismatch
     1>c:\users\win\documents\bullet start here\consoleapplication1\consoleapplication1\main.cpp(233): warning C4244: '=' : conversion from 'double' to 'GLfloat', possible loss of data
     1>c:\users\win\documents\bullet start here\consoleapplication1\consoleapplication1\main.cpp(234): warning C4244: '=' : conversion from 'double' to 'GLfloat', possible loss of data
     1>c:\users\win\documents\bullet start here\consoleapplication1\consoleapplication1\main.cpp(238): warning C4244: 'initializing' : conversion from 'double' to 'GLfloat', possible loss of data
     1>c:\users\win\documents\bullet start here\consoleapplication1\consoleapplication1\main.cpp(239): warning C4244: 'initializing' : conversion from 'double' to 'GLfloat', possible loss of data
     1>c:\users\win\documents\bullet start here\consoleapplication1\consoleapplication1\main.cpp(241): warning C4244: '=' : conversion from 'double' to 'GLfloat', possible loss of data
     1>c:\users\win\documents\bullet start here\consoleapplication1\consoleapplication1\main.cpp(242): warning C4244: '=' : conversion from 'double' to 'GLfloat', possible loss of data
     1>c:\users\win\documents\bullet start here\consoleapplication1\consoleapplication1\main.cpp(249): warning C4244: 'argument' : conversion from 'double' to 'GLfloat', possible loss of data
         Thing.cpp
     1>c:\users\win\documents\bullet start here\consoleapplication1\consoleapplication1\shader.h(62): warning C4101: 'success' : unreferenced local variable
     1>c:\users\win\documents\bullet start here\consoleapplication1\consoleapplication1\shader.h(63): warning C4101: 'infoLog' : unreferenced local variable
     1>c:\users\win\documents\bullet start here\consoleapplication1\consoleapplication1\thing.cpp(18): warning C4018: '<' : signed/unsigned mismatch
     1>c:\users\win\documents\bullet start here\consoleapplication1\consoleapplication1\thing.cpp(20): warning C4018: '<' : signed/unsigned mismatch
         Generating Code...
       Link:
         C:\Program Files (x86)\Microsoft Visual Studio 12.0\VC\bin\link.exe /ERRORREPORT:PROMPT /OUT:"C:\Users\Win\Documents\Bullet START HERE\ConsoleApplication1\Debug\ConsoleApplication1.exe" /INCREMENTAL /NOLOGO /LIBPATH:"..\..\Third_Party\Simple OpenGL Image Library\projects\VC9\Debug" /LIBPATH:"..\..\Third_Party\assimp-3.2\build\code\Debug" /LIBPATH:..\..\Third_Party\glfw /LIBPATH:..\..\Third_Party\glew opengl32.lib glew32s.lib glew32.lib glfw3.lib kernel32.lib "assimp-vc120-mtd.lib" user32.lib gdi32.lib winspool.lib comdlg32.lib advapi32.lib shell32.lib ole32.lib oleaut32.lib uuid.lib odbc32.lib odbccp32.lib SOIL.lib kernel32.lib user32.lib gdi32.lib winspool.lib comdlg32.lib advapi32.lib shell32.lib ole32.lib oleaut32.lib uuid.lib odbc32.lib odbccp32.lib /MANIFEST /MANIFESTUAC:"level='asInvoker' uiAccess='false'" /manifest:embed /DEBUG /PDB:"C:\Users\Win\Documents\Bullet START HERE\ConsoleApplication1\Debug\ConsoleApplication1.pdb" /SUBSYSTEM:CONSOLE /TLBID:1 /DYNAMICBASE /NXCOMPAT /IMPLIB:"C:\Users\Win\Documents\Bullet START HERE\ConsoleApplication1\Debug\ConsoleApplication1.lib" /MACHINE:X86 Debug\main.obj
         Debug\Mesh.obj
         Debug\Model.obj
         Debug\stdafx.obj
         Debug\Thing.obj
         "C:\Users\Win\Documents\Bullet START HERE\Build\lib\Debug\Bullet3Dynamics_Debug.lib"
         "C:\Users\Win\Documents\Bullet START HERE\Build\lib\Debug\BulletCollision_Debug.lib"
         "C:\Users\Win\Documents\Bullet START HERE\Build\lib\Debug\BulletDynamics_Debug.lib"
         "C:\Users\Win\Documents\Bullet START HERE\Build\lib\Debug\LinearMath_Debug.lib"
         ConsoleApplication1.vcxproj -> C:\Users\Win\Documents\Bullet START HERE\ConsoleApplication1\Debug\ConsoleApplication1.exe
     1>Done Building Project "C:\Users\Win\Documents\Bullet START HERE\ConsoleApplication1\ConsoleApplication1\ConsoleApplication1.vcxproj" (Build target(s)).

Build succeeded.

Time Elapsed 00:00:02.65
