c:\users\win\documents\bullet start here\consoleapplication1\consoleapplication1\debug\consoleapplication1.pch
c:\users\win\documents\bullet start here\consoleapplication1\consoleapplication1\debug\vc120.pdb
c:\users\win\documents\bullet start here\consoleapplication1\consoleapplication1\debug\vc120.idb
c:\users\win\documents\bullet start here\consoleapplication1\consoleapplication1\debug\stdafx.obj
c:\users\win\documents\bullet start here\consoleapplication1\consoleapplication1\debug\consoleapplication1.obj
c:\users\win\documents\bullet start here\consoleapplication1\consoleapplication1\debug\mesh.obj
c:\users\win\documents\bullet start here\consoleapplication1\consoleapplication1\debug\model.obj
c:\users\win\documents\bullet start here\consoleapplication1\consoleapplication1\debug\thing.obj
c:\users\win\documents\bullet start here\consoleapplication1\consoleapplication1\debug\main.obj
c:\users\win\documents\bullet start here\consoleapplication1\debug\consoleapplication1.ilk
c:\users\win\documents\bullet start here\consoleapplication1\debug\consoleapplication1.exe
c:\users\win\documents\bullet start here\consoleapplication1\debug\consoleapplication1.pdb
c:\users\win\documents\bullet start here\consoleapplication1\consoleapplication1\debug\consoleapplication1.vcxprojresolveassemblyreference.cache
c:\users\win\documents\bullet start here\consoleapplication1\consoleapplication1\debug\consolea.e3873d2a.tlog\cl.command.1.tlog
c:\users\win\documents\bullet start here\consoleapplication1\consoleapplication1\debug\consolea.e3873d2a.tlog\cl.read.1.tlog
c:\users\win\documents\bullet start here\consoleapplication1\consoleapplication1\debug\consolea.e3873d2a.tlog\cl.write.1.tlog
c:\users\win\documents\bullet start here\consoleapplication1\consoleapplication1\debug\consolea.e3873d2a.tlog\link-cvtres.read.1.tlog
c:\users\win\documents\bullet start here\consoleapplication1\consoleapplication1\debug\consolea.e3873d2a.tlog\link-cvtres.write.1.tlog
c:\users\win\documents\bullet start here\consoleapplication1\consoleapplication1\debug\consolea.e3873d2a.tlog\link-rc.read.1.tlog
c:\users\win\documents\bullet start here\consoleapplication1\consoleapplication1\debug\consolea.e3873d2a.tlog\link-rc.write.1.tlog
c:\users\win\documents\bullet start here\consoleapplication1\consoleapplication1\debug\consolea.e3873d2a.tlog\link.command.1.tlog
c:\users\win\documents\bullet start here\consoleapplication1\consoleapplication1\debug\consolea.e3873d2a.tlog\link.read.1.tlog
c:\users\win\documents\bullet start here\consoleapplication1\consoleapplication1\debug\consolea.e3873d2a.tlog\link.write.1.tlog
